<?xml version="1.0" encoding="UTF-8"?>
<!-- Generated by org.testng.reporters.JUnitReportReporter -->
<testsuite hostname="top10-PC" failures="0" tests="1" name="selenium.busDashboard.LoginPage" time="0.735" errors="0" timestamp="2020-11-25T14:34:43 GMT+02:00" skipped="0">
  <testcase classname="selenium.busDashboard.LoginPage" name="loginFun" time="0.735"/>
  <system-out/>
</testsuite> <!-- selenium.busDashboard.LoginPage -->
