<?xml version="1.0" encoding="UTF-8"?>
<!-- Generated by org.testng.reporters.JUnitReportReporter -->
<testsuite hostname="top10-PC" failures="0" tests="1" name="selenium.busDashboard.BaseClass" time="15.241" errors="0" timestamp="2020-11-23T10:20:43 GMT+02:00" skipped="0">
  <testcase classname="selenium.busDashboard.BaseClass" name="openURL" time="15.241"/>
  <system-out/>
</testsuite> <!-- selenium.busDashboard.BaseClass -->
